e:\edxutil\edxutil\x64\debug\edxutil.pdb
e:\edxutil\edxutil\x64\debug\edxutil.idb
e:\edxutil\edxutil\x64\debug\string.obj
e:\edxutil\edxutil\x64\debug\crc.obj
e:\edxutil\edxutil\x64\debug\cstring.obj
e:\edxutil\edxutil\x64\debug\stream.obj
e:\edxutil\edxutil\x64\debug\camera.obj
e:\edxutil\edxutil\x64\debug\color.obj
e:\edxutil\edxutil\x64\debug\edxgui.obj
e:\edxutil\edxutil\x64\debug\objmesh.obj
e:\edxutil\edxutil\x64\debug\opengl.obj
e:\edxutil\edxutil\x64\debug\texture.obj
e:\edxutil\edxutil\x64\debug\fft.obj
e:\edxutil\edxutil\x64\debug\matrix.obj
e:\edxutil\edxutil\x64\debug\application.obj
e:\edxutil\edxutil\x64\debug\bitmap.obj
e:\edxutil\edxutil\x64\debug\debug.obj
e:\edxutil\edxutil\x64\debug\filestream.obj
e:\edxutil\edxutil\x64\debug\threading.obj
e:\edxutil\edxutil\x64\debug\window.obj
e:\edxray\x64\debug\edxutil.lib
e:\edxray\x64\debug\edxutil.pdb
e:\edxutil\edxutil\x64\debug\edxutil.tlog\cl.command.1.tlog
e:\edxutil\edxutil\x64\debug\edxutil.tlog\cl.read.1.tlog
e:\edxutil\edxutil\x64\debug\edxutil.tlog\cl.write.1.tlog
e:\edxutil\edxutil\x64\debug\edxutil.tlog\lib-link.read.1.tlog
e:\edxutil\edxutil\x64\debug\edxutil.tlog\lib-link.write.1.tlog
e:\edxutil\edxutil\x64\debug\edxutil.tlog\lib.command.1.tlog
