C:\Program Files (x86)\MSBuild\Microsoft.Cpp\v4.0\V140\Microsoft.CppBuild.targets(367,5): warning MSB8004: Intermediate Directory does not end with a trailing slash.  This build instance will add the slash as it is required to allow proper evaluation of the Intermediate Directory.
  Compiling CUDA source file src\renderer_normal.cu...
  Compiling CUDA source file src\renderer_radiance.cu...
  Compiling CUDA source file src\renderer_depth.cu...
  
  F:\ZJKJ_Work\TMAX3D\Code\TMaxEngine\TMaxShader\OptiX\RenderMaxOptixCU>"C:\Program Files\NVIDIA GPU Computing Toolkit\CUDA\v9.1\bin\nvcc.exe" -gencode=arch=compute_52,code=\"sm_52,compute_52\" --use-local-env --cl-version 2015 -ccbin "C:\Program Files (x86)\Microsoft Visual Studio 14.0\VC\bin\x86_amd64" -x cu  -IF:\ZJKJ_Work\TMAX3D\Code\TMaxEngine\TMaxShader\OptiX\RenderMaxOptixCU\/src/common -IF:\ZJKJ_Work\TMAX3D\Code\TMaxEngine\TMaxShader\OptiX\RenderMaxOptixCU\/src/ -IF:\ZJKJ_Work\TMAX3D\SDK/CUDA/include -IF:\ZJKJ_Work\TMAX3D\SDK/OptixSDK/include -I"C:\Program Files\NVIDIA GPU Computing Toolkit\CUDA\v9.1\include" -I"C:\Program Files\NVIDIA GPU Computing Toolkit\CUDA\v9.1\include"     --keep-dir x64\Release -maxrregcount=0  --machine 64 -ptx -cudart shared  -o F:\ZJKJ_Work\TMAX3D\bin\ptx\renderer_normal.cu.ptx "F:\ZJKJ_Work\TMAX3D\Code\TMaxEngine\TMaxShader\OptiX\RenderMaxOptixCU\src\renderer_normal.cu" 
  
  F:\ZJKJ_Work\TMAX3D\Code\TMaxEngine\TMaxShader\OptiX\RenderMaxOptixCU>"C:\Program Files\NVIDIA GPU Computing Toolkit\CUDA\v9.1\bin\nvcc.exe" -gencode=arch=compute_52,code=\"sm_52,compute_52\" --use-local-env --cl-version 2015 -ccbin "C:\Program Files (x86)\Microsoft Visual Studio 14.0\VC\bin\x86_amd64" -x cu  -IF:\ZJKJ_Work\TMAX3D\Code\TMaxEngine\TMaxShader\OptiX\RenderMaxOptixCU\/src/common -IF:\ZJKJ_Work\TMAX3D\Code\TMaxEngine\TMaxShader\OptiX\RenderMaxOptixCU\/src/ -IF:\ZJKJ_Work\TMAX3D\SDK/CUDA/include -IF:\ZJKJ_Work\TMAX3D\SDK/OptixSDK/include -I"C:\Program Files\NVIDIA GPU Computing Toolkit\CUDA\v9.1\include" -I"C:\Program Files\NVIDIA GPU Computing Toolkit\CUDA\v9.1\include"     --keep-dir x64\Release -maxrregcount=0  --machine 64 -ptx -cudart shared  -o F:\ZJKJ_Work\TMAX3D\bin\ptx\renderer_radiance.cu.ptx "F:\ZJKJ_Work\TMAX3D\Code\TMaxEngine\TMaxShader\OptiX\RenderMaxOptixCU\src\renderer_radiance.cu" 
  
  F:\ZJKJ_Work\TMAX3D\Code\TMaxEngine\TMaxShader\OptiX\RenderMaxOptixCU>"C:\Program Files\NVIDIA GPU Computing Toolkit\CUDA\v9.1\bin\nvcc.exe" -gencode=arch=compute_52,code=\"sm_52,compute_52\" --use-local-env --cl-version 2015 -ccbin "C:\Program Files (x86)\Microsoft Visual Studio 14.0\VC\bin\x86_amd64" -x cu  -IF:\ZJKJ_Work\TMAX3D\Code\TMaxEngine\TMaxShader\OptiX\RenderMaxOptixCU\/src/common -IF:\ZJKJ_Work\TMAX3D\Code\TMaxEngine\TMaxShader\OptiX\RenderMaxOptixCU\/src/ -IF:\ZJKJ_Work\TMAX3D\SDK/CUDA/include -IF:\ZJKJ_Work\TMAX3D\SDK/OptixSDK/include -I"C:\Program Files\NVIDIA GPU Computing Toolkit\CUDA\v9.1\include" -I"C:\Program Files\NVIDIA GPU Computing Toolkit\CUDA\v9.1\include"     --keep-dir x64\Release -maxrregcount=0  --machine 64 -ptx -cudart shared  -o F:\ZJKJ_Work\TMAX3D\bin\ptx\renderer_depth.cu.ptx "F:\ZJKJ_Work\TMAX3D\Code\TMaxEngine\TMaxShader\OptiX\RenderMaxOptixCU\src\renderer_depth.cu" 
f:\zjkj_work\tmax3d\sdk\cuda\include\crt\math_functions.h : warning C4819: 该文件包含不能在当前代码页(936)中表示的字符。请将该文件保存为 Unicode 格式以防止数据丢失
f:\zjkj_work\tmax3d\sdk\cuda\include\crt\math_functions.h(838): warning C4819: 该文件包含不能在当前代码页(936)中表示的字符。请将该文件保存为 Unicode 格式以防止数据丢失
f:\zjkj_work\tmax3d\sdk\cuda\include\crt\math_functions.h(1772): warning C4819: 该文件包含不能在当前代码页(936)中表示的字符。请将该文件保存为 Unicode 格式以防止数据丢失
f:\zjkj_work\tmax3d\sdk\cuda\include\crt\math_functions.h(2628): warning C4819: 该文件包含不能在当前代码页(936)中表示的字符。请将该文件保存为 Unicode 格式以防止数据丢失
f:\zjkj_work\tmax3d\sdk\cuda\include\crt\math_functions.h(3477): warning C4819: 该文件包含不能在当前代码页(936)中表示的字符。请将该文件保存为 Unicode 格式以防止数据丢失
f:\zjkj_work\tmax3d\sdk\cuda\include\crt\math_functions.h(4417): warning C4819: 该文件包含不能在当前代码页(936)中表示的字符。请将该文件保存为 Unicode 格式以防止数据丢失
f:\zjkj_work\tmax3d\sdk\cuda\include\crt\math_functions.h(5319): warning C4819: 该文件包含不能在当前代码页(936)中表示的字符。请将该文件保存为 Unicode 格式以防止数据丢失
f:\zjkj_work\tmax3d\sdk\cuda\include\crt\math_functions.h(6229): warning C4819: 该文件包含不能在当前代码页(936)中表示的字符。请将该文件保存为 Unicode 格式以防止数据丢失
f:\zjkj_work\tmax3d\sdk\cuda\include\crt\math_functions.h(7104): warning C4819: 该文件包含不能在当前代码页(936)中表示的字符。请将该文件保存为 Unicode 格式以防止数据丢失
f:\zjkj_work\tmax3d\sdk\cuda\include\crt\math_functions.h(7914): warning C4819: 该文件包含不能在当前代码页(936)中表示的字符。请将该文件保存为 Unicode 格式以防止数据丢失
f:\zjkj_work\tmax3d\sdk\cuda\include\crt/device_functions.h : warning C4819: 该文件包含不能在当前代码页(936)中表示的字符。请将该文件保存为 Unicode 格式以防止数据丢失
f:\zjkj_work\tmax3d\sdk\cuda\include\crt/device_functions.h(776): warning C4819: 该文件包含不能在当前代码页(936)中表示的字符。请将该文件保存为 Unicode 格式以防止数据丢失
f:\zjkj_work\tmax3d\sdk\cuda\include\crt/device_functions.h(1636): warning C4819: 该文件包含不能在当前代码页(936)中表示的字符。请将该文件保存为 Unicode 格式以防止数据丢失
f:\zjkj_work\tmax3d\sdk\cuda\include\crt\device_double_functions.h : warning C4819: 该文件包含不能在当前代码页(936)中表示的字符。请将该文件保存为 Unicode 格式以防止数据丢失
f:\zjkj_work\tmax3d\sdk\cuda\include\sm_20_intrinsics.h : warning C4819: 该文件包含不能在当前代码页(936)中表示的字符。请将该文件保存为 Unicode 格式以防止数据丢失
f:\zjkj_work\tmax3d\sdk\cuda\include\sm_20_intrinsics.h(925): warning C4819: 该文件包含不能在当前代码页(936)中表示的字符。请将该文件保存为 Unicode 格式以防止数据丢失
f:\zjkj_work\tmax3d\sdk\cuda\include\crt\math_functions.h : warning C4819: 该文件包含不能在当前代码页(936)中表示的字符。请将该文件保存为 Unicode 格式以防止数据丢失
f:\zjkj_work\tmax3d\sdk\cuda\include\crt\math_functions.h(838): warning C4819: 该文件包含不能在当前代码页(936)中表示的字符。请将该文件保存为 Unicode 格式以防止数据丢失
f:\zjkj_work\tmax3d\sdk\cuda\include\crt\math_functions.h(1772): warning C4819: 该文件包含不能在当前代码页(936)中表示的字符。请将该文件保存为 Unicode 格式以防止数据丢失
f:\zjkj_work\tmax3d\sdk\cuda\include\crt\math_functions.h(2628): warning C4819: 该文件包含不能在当前代码页(936)中表示的字符。请将该文件保存为 Unicode 格式以防止数据丢失
f:\zjkj_work\tmax3d\sdk\cuda\include\crt\math_functions.h(3477): warning C4819: 该文件包含不能在当前代码页(936)中表示的字符。请将该文件保存为 Unicode 格式以防止数据丢失
f:\zjkj_work\tmax3d\sdk\cuda\include\crt\math_functions.h(4417): warning C4819: 该文件包含不能在当前代码页(936)中表示的字符。请将该文件保存为 Unicode 格式以防止数据丢失
f:\zjkj_work\tmax3d\sdk\cuda\include\crt\math_functions.h(5319): warning C4819: 该文件包含不能在当前代码页(936)中表示的字符。请将该文件保存为 Unicode 格式以防止数据丢失
f:\zjkj_work\tmax3d\sdk\cuda\include\crt\math_functions.h(6229): warning C4819: 该文件包含不能在当前代码页(936)中表示的字符。请将该文件保存为 Unicode 格式以防止数据丢失
f:\zjkj_work\tmax3d\sdk\cuda\include\crt\math_functions.h(7104): warning C4819: 该文件包含不能在当前代码页(936)中表示的字符。请将该文件保存为 Unicode 格式以防止数据丢失
f:\zjkj_work\tmax3d\sdk\cuda\include\crt\math_functions.h(7914): warning C4819: 该文件包含不能在当前代码页(936)中表示的字符。请将该文件保存为 Unicode 格式以防止数据丢失
f:\zjkj_work\tmax3d\sdk\cuda\include\crt/device_functions.h : warning C4819: 该文件包含不能在当前代码页(936)中表示的字符。请将该文件保存为 Unicode 格式以防止数据丢失
f:\zjkj_work\tmax3d\sdk\cuda\include\crt/device_functions.h(776): warning C4819: 该文件包含不能在当前代码页(936)中表示的字符。请将该文件保存为 Unicode 格式以防止数据丢失
f:\zjkj_work\tmax3d\sdk\cuda\include\crt/device_functions.h(1636): warning C4819: 该文件包含不能在当前代码页(936)中表示的字符。请将该文件保存为 Unicode 格式以防止数据丢失
f:\zjkj_work\tmax3d\sdk\cuda\include\crt\device_double_functions.h : warning C4819: 该文件包含不能在当前代码页(936)中表示的字符。请将该文件保存为 Unicode 格式以防止数据丢失
f:\zjkj_work\tmax3d\sdk\cuda\include\sm_20_intrinsics.h : warning C4819: 该文件包含不能在当前代码页(936)中表示的字符。请将该文件保存为 Unicode 格式以防止数据丢失
f:\zjkj_work\tmax3d\sdk\cuda\include\sm_20_intrinsics.h(925): warning C4819: 该文件包含不能在当前代码页(936)中表示的字符。请将该文件保存为 Unicode 格式以防止数据丢失
f:\zjkj_work\tmax3d\sdk\cuda\include\crt\math_functions.h : warning C4819: 该文件包含不能在当前代码页(936)中表示的字符。请将该文件保存为 Unicode 格式以防止数据丢失
f:\zjkj_work\tmax3d\sdk\cuda\include\crt\math_functions.h(838): warning C4819: 该文件包含不能在当前代码页(936)中表示的字符。请将该文件保存为 Unicode 格式以防止数据丢失
f:\zjkj_work\tmax3d\sdk\cuda\include\crt\math_functions.h(1772): warning C4819: 该文件包含不能在当前代码页(936)中表示的字符。请将该文件保存为 Unicode 格式以防止数据丢失
f:\zjkj_work\tmax3d\sdk\cuda\include\crt\math_functions.h(2628): warning C4819: 该文件包含不能在当前代码页(936)中表示的字符。请将该文件保存为 Unicode 格式以防止数据丢失
f:\zjkj_work\tmax3d\sdk\cuda\include\crt\math_functions.h(3477): warning C4819: 该文件包含不能在当前代码页(936)中表示的字符。请将该文件保存为 Unicode 格式以防止数据丢失
f:\zjkj_work\tmax3d\sdk\cuda\include\crt\math_functions.h(4417): warning C4819: 该文件包含不能在当前代码页(936)中表示的字符。请将该文件保存为 Unicode 格式以防止数据丢失
f:\zjkj_work\tmax3d\sdk\cuda\include\crt\math_functions.h(5319): warning C4819: 该文件包含不能在当前代码页(936)中表示的字符。请将该文件保存为 Unicode 格式以防止数据丢失
f:\zjkj_work\tmax3d\sdk\cuda\include\crt\math_functions.h(6229): warning C4819: 该文件包含不能在当前代码页(936)中表示的字符。请将该文件保存为 Unicode 格式以防止数据丢失
f:\zjkj_work\tmax3d\sdk\cuda\include\crt\math_functions.h(7104): warning C4819: 该文件包含不能在当前代码页(936)中表示的字符。请将该文件保存为 Unicode 格式以防止数据丢失
f:\zjkj_work\tmax3d\sdk\cuda\include\crt\math_functions.h(7914): warning C4819: 该文件包含不能在当前代码页(936)中表示的字符。请将该文件保存为 Unicode 格式以防止数据丢失
f:\zjkj_work\tmax3d\sdk\cuda\include\crt/device_functions.h : warning C4819: 该文件包含不能在当前代码页(936)中表示的字符。请将该文件保存为 Unicode 格式以防止数据丢失
f:\zjkj_work\tmax3d\sdk\cuda\include\crt/device_functions.h(776): warning C4819: 该文件包含不能在当前代码页(936)中表示的字符。请将该文件保存为 Unicode 格式以防止数据丢失
f:\zjkj_work\tmax3d\sdk\cuda\include\crt/device_functions.h(1636): warning C4819: 该文件包含不能在当前代码页(936)中表示的字符。请将该文件保存为 Unicode 格式以防止数据丢失
f:\zjkj_work\tmax3d\sdk\cuda\include\crt\device_double_functions.h : warning C4819: 该文件包含不能在当前代码页(936)中表示的字符。请将该文件保存为 Unicode 格式以防止数据丢失
f:\zjkj_work\tmax3d\sdk\cuda\include\sm_20_intrinsics.h : warning C4819: 该文件包含不能在当前代码页(936)中表示的字符。请将该文件保存为 Unicode 格式以防止数据丢失
f:\zjkj_work\tmax3d\sdk\cuda\include\sm_20_intrinsics.h(925): warning C4819: 该文件包含不能在当前代码页(936)中表示的字符。请将该文件保存为 Unicode 格式以防止数据丢失
  renderer_normal.cu
  renderer_depth.cu
  renderer_radiance.cu
  RenderMaxOptixCU.vcxproj -> F:\ZJKJ_Work\TMAX3D\Bin\ptx\RenderMaxOptixCU.lib
